Loading Arxiv dataset...
trianing on cuda
max eval acc: 0.2006443169233867
test acc: 0.24539637470938008
max eval acc: 0.26470686935803217
test acc: 0.2863609242227846
max eval acc: 0.2878284506191483
test acc: 0.2952492644486966
max eval acc: 0.32863518910030537
test acc: 0.2626381087587186
max eval acc: 0.3843753146078727
test acc: 0.3168734440260889
max eval acc: 0.4365582737675761
test acc: 0.3789066518527663
max eval acc: 0.47162656464982045
test acc: 0.4234306524288624
max eval acc: 0.4883720930232558
test acc: 0.4431413698742876
max eval acc: 0.49021779254337394
test acc: 0.4405900870316647
max eval acc: 0.4909225141783281
test acc: 0.42816287060469516
max eval acc: 0.5005872680291285
test acc: 0.4378124807110672
max eval acc: 0.5018624786066647
test acc: 0.44011686521408144
max eval acc: 0.5033054800496661
test acc: 0.44172170442153774
max eval acc: 0.5146145843820262
test acc: 0.4528115548422937
max eval acc: 0.5264270613107822
test acc: 0.46725510770940065
max eval acc: 0.5338434175643478
test acc: 0.4779951854823776
max eval acc: 0.5381724218933521
test acc: 0.48270682879657634
max eval acc: 0.5385415617973758
test acc: 0.48326235006069584
max eval acc: 0.543407496895869
test acc: 0.4887352632553546
max eval acc: 0.5503875968992248
test acc: 0.4958953151040059
max eval acc: 0.5577703949796973
test acc: 0.5036108882167768
max eval acc: 0.560488607000235
test acc: 0.5072320638643705
max eval acc: 0.566461961810799
test acc: 0.5142069419583153
max eval acc: 0.5683747776771032
test acc: 0.516675925354402
max eval acc: 0.5837108627806302
test acc: 0.5338559348188383
max eval acc: 0.5962616195174335
test acc: 0.5508507705285682
max eval acc: 0.6029061377898587
test acc: 0.5603769314651359
max eval acc: 0.612570891640659
test acc: 0.555562413842767
max eval acc: 0.620826202221551
test acc: 0.5659115692446969
max eval acc: 0.6481089969462063
test acc: 0.6032137933872395
max eval acc: 0.6553575623343065
test acc: 0.608234059625949
max eval acc: 0.6570019128158663
test acc: 0.6150031891035532
max eval acc: 0.6577066344508204
test acc: 0.6117317861037385
max eval acc: 0.6740159065740461
test acc: 0.6374092134230397
max eval acc: 0.6803248431155408
test acc: 0.6517087422587083
max eval acc: 0.6803584012886339
test acc: 0.632327222599428
max eval acc: 0.6868686868686869
test acc: 0.6496512560953027
max eval acc: 0.6885465955233397
test acc: 0.6409275147624632
max eval acc: 0.6918352964864593
test acc: 0.6436022467748904
max eval acc: 0.7027752609147958
test acc: 0.6766248996975496
max eval acc: 0.7038826806268667
test acc: 0.671995555829887
max eval acc: 0.7052250075505889
test acc: 0.6668724152830072
max eval acc: 0.7100573844759891
test acc: 0.6837438018229327
max eval acc: 0.7107956642840364
test acc: 0.6925704174639425
max eval acc: 0.711735293130642
test acc: 0.6769746723453285
max eval acc: 0.7139501325547837
test acc: 0.6952657243380038
Epoch  1543: reducing learning rate of group 0 to 2.5000e-03.
Epoch  2521: reducing learning rate of group 0 to 1.2500e-03.
Epoch  2672: reducing learning rate of group 0 to 1.0000e-03.
0.7139501325547837 0.6952657243380038
